{"/home/travis/build/npmtest/node-npmtest-include-all/test.js":{"path":"/home/travis/build/npmtest/node-npmtest-include-all/test.js","s":{"1":2,"2":2,"3":2,"4":2,"5":2,"6":2,"7":2,"8":1,"9":2,"10":2,"11":1,"12":1,"13":1,"14":1,"15":2,"16":2,"17":2,"18":2,"19":1,"20":1,"21":2,"22":2,"23":2,"24":1,"25":1,"26":1,"27":1,"28":1,"29":1,"30":1,"31":1,"32":1,"33":1,"34":1,"35":1,"36":1,"37":1,"38":1,"39":2,"40":2,"41":1,"42":2,"43":2,"44":1,"45":2,"46":2,"47":1,"48":2,"49":2,"50":1,"51":1,"52":1,"53":1,"54":1},"b":{"1":[2,1,1,1],"2":[1,1,1,1],"3":[1,1],"4":[1,1],"5":[1,1],"6":[1,1],"7":[1,1],"8":[1,1],"9":[1,1],"10":[1,1,1],"11":[1,1],"12":[1,1],"13":[1,1],"14":[1,1],"15":[1,1],"16":[1,1],"17":[1,1]},"f":{"1":2,"2":2,"3":2,"4":2,"5":2,"6":1,"7":1,"8":1,"9":2,"10":2,"11":2,"12":2,"13":1},"fnMap":{"1":{"name":"(anonymous_1)","line":12,"loc":{"start":{"line":12,"column":1},"end":{"line":12,"column":13}}},"2":{"name":"(anonymous_2)","line":19,"loc":{"start":{"line":19,"column":5},"end":{"line":19,"column":17}}},"3":{"name":"(anonymous_3)","line":23,"loc":{"start":{"line":23,"column":24},"end":{"line":23,"column":36}}},"4":{"name":"(anonymous_4)","line":61,"loc":{"start":{"line":61,"column":5},"end":{"line":61,"column":17}}},"5":{"name":"(anonymous_5)","line":82,"loc":{"start":{"line":82,"column":5},"end":{"line":82,"column":17}}},"6":{"name":"(anonymous_6)","line":91,"loc":{"start":{"line":91,"column":77},"end":{"line":94,"column":10}}},"7":{"name":"(anonymous_7)","line":112,"loc":{"start":{"line":112,"column":83},"end":{"line":115,"column":10}},"skip":true},"8":{"name":"(anonymous_8)","line":123,"loc":{"start":{"line":123,"column":77},"end":{"line":126,"column":10}},"skip":true},"9":{"name":"(anonymous_9)","line":139,"loc":{"start":{"line":139,"column":12},"end":{"line":139,"column":40}},"skip":true},"10":{"name":"(anonymous_10)","line":147,"loc":{"start":{"line":147,"column":77},"end":{"line":150,"column":10}},"skip":true},"11":{"name":"(anonymous_11)","line":158,"loc":{"start":{"line":158,"column":83},"end":{"line":161,"column":10}},"skip":true},"12":{"name":"(anonymous_12)","line":169,"loc":{"start":{"line":169,"column":79},"end":{"line":172,"column":10}},"skip":true},"13":{"name":"(anonymous_13)","line":180,"loc":{"start":{"line":180,"column":75},"end":{"line":183,"column":10}},"skip":true}},"statementMap":{"1":{"start":{"line":12,"column":0},"end":{"line":195,"column":5}},"2":{"start":{"line":14,"column":4},"end":{"line":14,"column":14}},"3":{"start":{"line":19,"column":4},"end":{"line":56,"column":9}},"4":{"start":{"line":21,"column":8},"end":{"line":21,"column":19}},"5":{"start":{"line":23,"column":8},"end":{"line":35,"column":13}},"6":{"start":{"line":24,"column":12},"end":{"line":34,"column":13}},"7":{"start":{"line":25,"column":16},"end":{"line":28,"column":30}},"8":{"start":{"line":30,"column":16},"end":{"line":33,"column":27}},"9":{"start":{"line":37,"column":8},"end":{"line":39,"column":21}},"10":{"start":{"line":40,"column":8},"end":{"line":53,"column":9}},"11":{"start":{"line":43,"column":12},"end":{"line":46,"column":14}},"12":{"start":{"line":47,"column":12},"end":{"line":47,"column":18}},"13":{"start":{"line":50,"column":12},"end":{"line":51,"column":33}},"14":{"start":{"line":52,"column":12},"end":{"line":52,"column":18}},"15":{"start":{"line":55,"column":8},"end":{"line":55,"column":35}},"16":{"start":{"line":61,"column":4},"end":{"line":63,"column":9}},"17":{"start":{"line":62,"column":8},"end":{"line":62,"column":15}},"18":{"start":{"line":64,"column":4},"end":{"line":77,"column":5}},"19":{"start":{"line":70,"column":8},"end":{"line":70,"column":14}},"20":{"start":{"line":76,"column":8},"end":{"line":76,"column":14}},"21":{"start":{"line":82,"column":4},"end":{"line":84,"column":9}},"22":{"start":{"line":83,"column":8},"end":{"line":83,"column":15}},"23":{"start":{"line":85,"column":4},"end":{"line":194,"column":5}},"24":{"start":{"line":91,"column":8},"end":{"line":99,"column":10}},"25":{"start":{"line":98,"column":12},"end":{"line":98,"column":35}},"26":{"start":{"line":102,"column":8},"end":{"line":104,"column":63}},"27":{"start":{"line":105,"column":8},"end":{"line":105,"column":14}},"28":{"start":{"line":112,"column":8},"end":{"line":121,"column":10},"skip":true},"29":{"start":{"line":119,"column":12},"end":{"line":119,"column":55},"skip":true},"30":{"start":{"line":120,"column":12},"end":{"line":120,"column":48},"skip":true},"31":{"start":{"line":123,"column":8},"end":{"line":136,"column":10},"skip":true},"32":{"start":{"line":130,"column":12},"end":{"line":130,"column":76},"skip":true},"33":{"start":{"line":131,"column":12},"end":{"line":131,"column":73},"skip":true},"34":{"start":{"line":132,"column":12},"end":{"line":132,"column":74},"skip":true},"35":{"start":{"line":133,"column":12},"end":{"line":133,"column":79},"skip":true},"36":{"start":{"line":134,"column":12},"end":{"line":134,"column":25},"skip":true},"37":{"start":{"line":135,"column":12},"end":{"line":135,"column":45},"skip":true},"38":{"start":{"line":138,"column":8},"end":{"line":145,"column":14},"skip":true},"39":{"start":{"line":143,"column":16},"end":{"line":143,"column":29},"skip":true},"40":{"start":{"line":144,"column":16},"end":{"line":144,"column":55},"skip":true},"41":{"start":{"line":147,"column":8},"end":{"line":156,"column":10},"skip":true},"42":{"start":{"line":154,"column":12},"end":{"line":154,"column":25},"skip":true},"43":{"start":{"line":155,"column":12},"end":{"line":155,"column":45},"skip":true},"44":{"start":{"line":158,"column":8},"end":{"line":167,"column":10},"skip":true},"45":{"start":{"line":165,"column":12},"end":{"line":165,"column":25},"skip":true},"46":{"start":{"line":166,"column":12},"end":{"line":166,"column":48},"skip":true},"47":{"start":{"line":169,"column":8},"end":{"line":178,"column":10},"skip":true},"48":{"start":{"line":176,"column":12},"end":{"line":176,"column":25},"skip":true},"49":{"start":{"line":177,"column":12},"end":{"line":177,"column":46},"skip":true},"50":{"start":{"line":180,"column":8},"end":{"line":189,"column":10},"skip":true},"51":{"start":{"line":187,"column":12},"end":{"line":187,"column":94},"skip":true},"52":{"start":{"line":188,"column":12},"end":{"line":188,"column":48},"skip":true},"53":{"start":{"line":192,"column":8},"end":{"line":192,"column":35},"skip":true},"54":{"start":{"line":193,"column":8},"end":{"line":193,"column":14},"skip":true}},"branchMap":{"1":{"line":25,"type":"binary-expr","locations":[{"start":{"line":25,"column":23},"end":{"line":25,"column":62}},{"start":{"line":26,"column":20},"end":{"line":26,"column":70}},{"start":{"line":27,"column":20},"end":{"line":27,"column":71}},{"start":{"line":28,"column":20},"end":{"line":28,"column":29}}]},"2":{"line":30,"type":"binary-expr","locations":[{"start":{"line":30,"column":23},"end":{"line":30,"column":37}},{"start":{"line":31,"column":20},"end":{"line":31,"column":61}},{"start":{"line":32,"column":20},"end":{"line":32,"column":70}},{"start":{"line":33,"column":20},"end":{"line":33,"column":26}}]},"3":{"line":37,"type":"cond-expr","locations":[{"start":{"line":38,"column":14},"end":{"line":38,"column":20}},{"start":{"line":39,"column":14},"end":{"line":39,"column":20}}]},"4":{"line":40,"type":"switch","locations":[{"start":{"line":42,"column":8},"end":{"line":47,"column":18}},{"start":{"line":49,"column":8},"end":{"line":52,"column":18}}]},"5":{"line":44,"type":"binary-expr","locations":[{"start":{"line":44,"column":16},"end":{"line":44,"column":44}},{"start":{"line":44,"column":48},"end":{"line":44,"column":66}}]},"6":{"line":50,"type":"binary-expr","locations":[{"start":{"line":50,"column":21},"end":{"line":50,"column":49}},{"start":{"line":50,"column":53},"end":{"line":50,"column":72}}]},"7":{"line":64,"type":"switch","locations":[{"start":{"line":69,"column":4},"end":{"line":70,"column":14}},{"start":{"line":75,"column":4},"end":{"line":76,"column":14}}]},"8":{"line":85,"type":"switch","locations":[{"start":{"line":90,"column":4},"end":{"line":105,"column":14}},{"start":{"line":111,"column":4},"end":{"line":193,"column":14},"skip":true}]},"9":{"line":91,"type":"binary-expr","locations":[{"start":{"line":91,"column":42},"end":{"line":91,"column":73}},{"start":{"line":91,"column":77},"end":{"line":99,"column":9}}]},"10":{"line":102,"type":"binary-expr","locations":[{"start":{"line":102,"column":18},"end":{"line":102,"column":32}},{"start":{"line":103,"column":12},"end":{"line":103,"column":53}},{"start":{"line":104,"column":12},"end":{"line":104,"column":61}}]},"11":{"line":112,"type":"binary-expr","locations":[{"start":{"line":112,"column":45},"end":{"line":112,"column":79},"skip":true},{"start":{"line":112,"column":83},"end":{"line":121,"column":9},"skip":true}]},"12":{"line":123,"type":"binary-expr","locations":[{"start":{"line":123,"column":42},"end":{"line":123,"column":73},"skip":true},{"start":{"line":123,"column":77},"end":{"line":136,"column":9},"skip":true}]},"13":{"line":138,"type":"binary-expr","locations":[{"start":{"line":138,"column":48},"end":{"line":138,"column":85},"skip":true},{"start":{"line":139,"column":12},"end":{"line":145,"column":13},"skip":true}]},"14":{"line":147,"type":"binary-expr","locations":[{"start":{"line":147,"column":42},"end":{"line":147,"column":73},"skip":true},{"start":{"line":147,"column":77},"end":{"line":156,"column":9},"skip":true}]},"15":{"line":158,"type":"binary-expr","locations":[{"start":{"line":158,"column":45},"end":{"line":158,"column":79},"skip":true},{"start":{"line":158,"column":83},"end":{"line":167,"column":9},"skip":true}]},"16":{"line":169,"type":"binary-expr","locations":[{"start":{"line":169,"column":43},"end":{"line":169,"column":75},"skip":true},{"start":{"line":169,"column":79},"end":{"line":178,"column":9},"skip":true}]},"17":{"line":180,"type":"binary-expr","locations":[{"start":{"line":180,"column":41},"end":{"line":180,"column":71},"skip":true},{"start":{"line":180,"column":75},"end":{"line":189,"column":9},"skip":true}]}},"code":["/* istanbul instrument in package npmtest_include_all */","/*jslint","    bitwise: true,","    browser: true,","    maxerr: 8,","    maxlen: 96,","    node: true,","    nomen: true,","    regexp: true,","    stupid: true","*/","(function () {","    'use strict';","    var local;","","","","    // run shared js-env code - pre-init","    (function () {","        // init local","        local = {};","        // init modeJs","        local.modeJs = (function () {","            try {","                return typeof navigator.userAgent === 'string' &&","                    typeof document.querySelector('body') === 'object' &&","                    typeof XMLHttpRequest.prototype.open === 'function' &&","                    'browser';","            } catch (errorCaughtBrowser) {","                return module.exports &&","                    typeof process.versions.node === 'string' &&","                    typeof require('http').createServer === 'function' &&","                    'node';","            }","        }());","        // init global","        local.global = local.modeJs === 'browser'","            ? window","            : global;","        switch (local.modeJs) {","        // re-init local from window.local","        case 'browser':","            local = local.global.utility2.objectSetDefault(","                local.global.utility2_rollup || local.global.local,","                local.global.utility2","            );","            break;","        // re-init local from example.js","        case 'node':","            local = (local.global.utility2_rollup || require('utility2'))","                .requireReadme();","            break;","        }","        // export local","        local.global.local = local;","    }());","","","","    // run shared js-env code - function","    (function () {","        return;","    }());","    switch (local.modeJs) {","","","","    // run browser js-env code - function","    case 'browser':","        break;","","","","    // run node js-env code - function","    case 'node':","        break;","    }","","","","    // run shared js-env code - post-init","    (function () {","        return;","    }());","    switch (local.modeJs) {","","","","    // run browser js-env code - post-init","    case 'browser':","        local.testCase_browser_nullCase = local.testCase_browser_nullCase || function (","            options,","            onError","        ) {","        /*","         * this function will test browsers's null-case handling-behavior-behavior","         */","            onError(null, options);","        };","","        // run tests","        local.nop(local.modeTest &&","            document.querySelector('#testRunButton1') &&","            document.querySelector('#testRunButton1').click());","        break;","","","","    // run node js-env code - post-init","    /* istanbul ignore next */","    case 'node':","        local.testCase_buildApidoc_default = local.testCase_buildApidoc_default || function (","            options,","            onError","        ) {","        /*","         * this function will test buildApidoc's default handling-behavior-behavior","         */","            options = { modulePathList: module.paths };","            local.buildApidoc(options, onError);","        };","","        local.testCase_buildApp_default = local.testCase_buildApp_default || function (","            options,","            onError","        ) {","        /*","         * this function will test buildApp's default handling-behavior-behavior","         */","            local.testCase_buildReadme_default(options, local.onErrorThrow);","            local.testCase_buildLib_default(options, local.onErrorThrow);","            local.testCase_buildTest_default(options, local.onErrorThrow);","            local.testCase_buildCustomOrg_default(options, local.onErrorThrow);","            options = [];","            local.buildApp(options, onError);","        };","","        local.testCase_buildCustomOrg_default = local.testCase_buildCustomOrg_default ||","            function (options, onError) {","            /*","             * this function will test buildCustomOrg's default handling-behavior","             */","                options = {};","                local.buildCustomOrg(options, onError);","            };","","        local.testCase_buildLib_default = local.testCase_buildLib_default || function (","            options,","            onError","        ) {","        /*","         * this function will test buildLib's default handling-behavior","         */","            options = {};","            local.buildLib(options, onError);","        };","","        local.testCase_buildReadme_default = local.testCase_buildReadme_default || function (","            options,","            onError","        ) {","        /*","         * this function will test buildReadme's default handling-behavior-behavior","         */","            options = {};","            local.buildReadme(options, onError);","        };","","        local.testCase_buildTest_default = local.testCase_buildTest_default || function (","            options,","            onError","        ) {","        /*","         * this function will test buildTest's default handling-behavior","         */","            options = {};","            local.buildTest(options, onError);","        };","","        local.testCase_webpage_default = local.testCase_webpage_default || function (","            options,","            onError","        ) {","        /*","         * this function will test webpage's default handling-behavior","         */","            options = { modeCoverageMerge: true, url: local.serverLocalHost + '?modeTest=1' };","            local.browserTest(options, onError);","        };","","        // run test-server","        local.testRunServer(local);","        break;","    }","}());",""],"l":{"12":2,"14":2,"19":2,"21":2,"23":2,"24":2,"25":2,"30":1,"37":2,"40":2,"43":1,"47":1,"50":1,"52":1,"55":2,"61":2,"62":2,"64":2,"70":1,"76":1,"82":2,"83":2,"85":2,"91":1,"98":1,"102":1,"105":1,"112":1,"119":1,"120":1,"123":1,"130":1,"131":1,"132":1,"133":1,"134":1,"135":1,"138":1,"143":2,"144":2,"147":1,"154":2,"155":2,"158":1,"165":2,"166":2,"169":1,"176":2,"177":2,"180":1,"187":1,"188":1,"192":1,"193":1}},"/home/travis/build/npmtest/node-npmtest-include-all/lib.npmtest_include_all.js":{"path":"/home/travis/build/npmtest/node-npmtest-include-all/lib.npmtest_include_all.js","s":{"1":2,"2":2,"3":2,"4":2,"5":2,"6":2,"7":2,"8":1,"9":2,"10":2,"11":2,"12":2,"13":1,"14":1,"15":1,"16":1},"b":{"1":[2,1,1,1],"2":[1,1,1,1],"3":[1,1],"4":[2,2],"5":[1,1]},"f":{"1":2,"2":2,"3":2},"fnMap":{"1":{"name":"(anonymous_1)","line":12,"loc":{"start":{"line":12,"column":1},"end":{"line":12,"column":13}}},"2":{"name":"(anonymous_2)","line":19,"loc":{"start":{"line":19,"column":5},"end":{"line":19,"column":17}}},"3":{"name":"(anonymous_3)","line":23,"loc":{"start":{"line":23,"column":24},"end":{"line":23,"column":36}}}},"statementMap":{"1":{"start":{"line":12,"column":0},"end":{"line":53,"column":5}},"2":{"start":{"line":14,"column":4},"end":{"line":14,"column":14}},"3":{"start":{"line":19,"column":4},"end":{"line":52,"column":9}},"4":{"start":{"line":21,"column":8},"end":{"line":21,"column":19}},"5":{"start":{"line":23,"column":8},"end":{"line":35,"column":13}},"6":{"start":{"line":24,"column":12},"end":{"line":34,"column":13}},"7":{"start":{"line":25,"column":16},"end":{"line":28,"column":30}},"8":{"start":{"line":30,"column":16},"end":{"line":33,"column":27}},"9":{"start":{"line":37,"column":8},"end":{"line":39,"column":21}},"10":{"start":{"line":41,"column":8},"end":{"line":41,"column":54}},"11":{"start":{"line":43,"column":8},"end":{"line":43,"column":56}},"12":{"start":{"line":45,"column":8},"end":{"line":51,"column":9}},"13":{"start":{"line":46,"column":12},"end":{"line":46,"column":62}},"14":{"start":{"line":48,"column":12},"end":{"line":48,"column":35}},"15":{"start":{"line":49,"column":12},"end":{"line":49,"column":49}},"16":{"start":{"line":50,"column":12},"end":{"line":50,"column":43}}},"branchMap":{"1":{"line":25,"type":"binary-expr","locations":[{"start":{"line":25,"column":23},"end":{"line":25,"column":62}},{"start":{"line":26,"column":20},"end":{"line":26,"column":70}},{"start":{"line":27,"column":20},"end":{"line":27,"column":71}},{"start":{"line":28,"column":20},"end":{"line":28,"column":29}}]},"2":{"line":30,"type":"binary-expr","locations":[{"start":{"line":30,"column":23},"end":{"line":30,"column":37}},{"start":{"line":31,"column":20},"end":{"line":31,"column":61}},{"start":{"line":32,"column":20},"end":{"line":32,"column":70}},{"start":{"line":33,"column":20},"end":{"line":33,"column":26}}]},"3":{"line":37,"type":"cond-expr","locations":[{"start":{"line":38,"column":14},"end":{"line":38,"column":20}},{"start":{"line":39,"column":14},"end":{"line":39,"column":20}}]},"4":{"line":41,"type":"binary-expr","locations":[{"start":{"line":41,"column":16},"end":{"line":41,"column":44}},{"start":{"line":41,"column":48},"end":{"line":41,"column":53}}]},"5":{"line":45,"type":"if","locations":[{"start":{"line":45,"column":8},"end":{"line":45,"column":8}},{"start":{"line":45,"column":8},"end":{"line":45,"column":8}}]}},"code":["/* istanbul instrument in package npmtest_include_all */","/*jslint","    bitwise: true,","    browser: true,","    maxerr: 8,","    maxlen: 96,","    node: true,","    nomen: true,","    regexp: true,","    stupid: true","*/","(function () {","    'use strict';","    var local;","","","","    // run shared js-env code - pre-init","    (function () {","        // init local","        local = {};","        // init modeJs","        local.modeJs = (function () {","            try {","                return typeof navigator.userAgent === 'string' &&","                    typeof document.querySelector('body') === 'object' &&","                    typeof XMLHttpRequest.prototype.open === 'function' &&","                    'browser';","            } catch (errorCaughtBrowser) {","                return module.exports &&","                    typeof process.versions.node === 'string' &&","                    typeof require('http').createServer === 'function' &&","                    'node';","            }","        }());","        // init global","        local.global = local.modeJs === 'browser'","            ? window","            : global;","        // init utility2_rollup","        local = local.global.utility2_rollup || local;","        // init lib","        local.local = local.npmtest_include_all = local;","        // init exports","        if (local.modeJs === 'browser') {","            local.global.utility2_npmtest_include_all = local;","        } else {","            module.exports = local;","            module.exports.__dirname = __dirname;","            module.exports.module = module;","        }","    }());","}());",""],"l":{"12":2,"14":2,"19":2,"21":2,"23":2,"24":2,"25":2,"30":1,"37":2,"41":2,"43":2,"45":2,"46":1,"48":1,"49":1,"50":1}},"/home/travis/build/npmtest/node-npmtest-include-all/example.js":{"path":"/home/travis/build/npmtest/node-npmtest-include-all/example.js","s":{"1":2,"2":2,"3":2,"4":2,"5":2,"6":2,"7":2,"8":1,"9":2,"10":2,"11":2,"12":2,"13":1,"14":2,"15":2,"16":2,"17":2,"18":2,"19":0,"20":2,"21":1,"22":1,"23":1,"24":1,"25":1,"26":0,"27":0,"28":1,"29":1,"30":2,"31":0,"32":0,"33":0,"34":1,"35":2,"36":2,"37":3,"38":3,"39":3,"40":3,"41":0,"42":3,"43":3,"44":3,"45":1,"46":3,"47":1,"48":1,"49":1,"50":1,"51":1,"52":1,"53":1,"54":1,"55":1,"56":1,"57":0,"58":1,"59":6,"60":6,"61":1,"62":2,"63":0,"64":2,"65":1,"66":1,"67":0,"68":0,"69":0,"70":0,"71":0,"72":0,"73":0,"74":0,"75":0,"76":0,"77":0,"78":0,"79":0,"80":0,"81":0,"82":0,"83":0},"b":{"1":[2,1,1,1],"2":[1,1,1,1],"3":[1,1],"4":[2,2],"5":[1,1],"6":[1,1],"7":[2,0],"8":[2,1,1,1,1,1],"9":[0,2,0],"10":[1,1],"11":[2,1,1],"12":[1,0],"13":[0,2],"14":[2,0,0,0,0,0,0],"15":[0,3],"16":[3,0],"17":[1,1],"18":[0,1],"19":[1,2,0,2],"20":[1,0],"21":[1,1],"22":[0,0],"23":[0,0],"24":[0,0],"25":[0,0],"26":[0,0],"27":[0,0],"28":[0,0]},"f":{"1":2,"2":2,"3":2,"4":2,"5":2,"6":2,"7":3,"8":3,"9":3,"10":1,"11":6,"12":0},"fnMap":{"1":{"name":"(anonymous_1)","line":26,"loc":{"start":{"line":26,"column":1},"end":{"line":26,"column":13}}},"2":{"name":"(anonymous_2)","line":33,"loc":{"start":{"line":33,"column":5},"end":{"line":33,"column":17}}},"3":{"name":"(anonymous_3)","line":37,"loc":{"start":{"line":37,"column":24},"end":{"line":37,"column":36}}},"4":{"name":"(anonymous_4)","line":69,"loc":{"start":{"line":69,"column":31},"end":{"line":69,"column":48}},"skip":true},"5":{"name":"(anonymous_5)","line":78,"loc":{"start":{"line":78,"column":26},"end":{"line":78,"column":45}},"skip":true},"6":{"name":"(anonymous_6)","line":123,"loc":{"start":{"line":123,"column":33},"end":{"line":123,"column":48}},"skip":true},"7":{"name":"(anonymous_7)","line":125,"loc":{"start":{"line":125,"column":27},"end":{"line":125,"column":39}},"skip":true},"8":{"name":"(anonymous_8)","line":133,"loc":{"start":{"line":133,"column":59},"end":{"line":133,"column":74}},"skip":true},"9":{"name":"(anonymous_9)","line":143,"loc":{"start":{"line":143,"column":45},"end":{"line":143,"column":62}},"skip":true},"10":{"name":"(anonymous_10)","line":144,"loc":{"start":{"line":144,"column":73},"end":{"line":144,"column":92}},"skip":true},"11":{"name":"(anonymous_11)","line":272,"loc":{"start":{"line":272,"column":51},"end":{"line":272,"column":77}},"skip":true},"12":{"name":"(anonymous_12)","line":315,"loc":{"start":{"line":315,"column":32},"end":{"line":315,"column":61}},"skip":true}},"statementMap":{"1":{"start":{"line":26,"column":0},"end":{"line":326,"column":5}},"2":{"start":{"line":28,"column":4},"end":{"line":28,"column":14}},"3":{"start":{"line":33,"column":4},"end":{"line":60,"column":9}},"4":{"start":{"line":35,"column":8},"end":{"line":35,"column":19}},"5":{"start":{"line":37,"column":8},"end":{"line":49,"column":13}},"6":{"start":{"line":38,"column":12},"end":{"line":48,"column":13}},"7":{"start":{"line":39,"column":16},"end":{"line":42,"column":30}},"8":{"start":{"line":44,"column":16},"end":{"line":47,"column":27}},"9":{"start":{"line":51,"column":8},"end":{"line":53,"column":21}},"10":{"start":{"line":55,"column":8},"end":{"line":57,"column":45}},"11":{"start":{"line":59,"column":8},"end":{"line":59,"column":35}},"12":{"start":{"line":61,"column":4},"end":{"line":325,"column":5}},"13":{"start":{"line":69,"column":8},"end":{"line":121,"column":10},"skip":true},"14":{"start":{"line":70,"column":12},"end":{"line":88,"column":13},"skip":true},"15":{"start":{"line":76,"column":16},"end":{"line":87,"column":19},"skip":true},"16":{"start":{"line":79,"column":20},"end":{"line":86,"column":21},"skip":true},"17":{"start":{"line":82,"column":24},"end":{"line":82,"column":43},"skip":true},"18":{"start":{"line":83,"column":24},"end":{"line":83,"column":30},"skip":true},"19":{"start":{"line":85,"column":24},"end":{"line":85,"column":49},"skip":true},"20":{"start":{"line":89,"column":12},"end":{"line":107,"column":13},"skip":true},"21":{"start":{"line":92,"column":16},"end":{"line":102,"column":17},"skip":true},"22":{"start":{"line":93,"column":20},"end":{"line":93,"column":86},"skip":true},"23":{"start":{"line":94,"column":20},"end":{"line":95,"column":45},"skip":true},"24":{"start":{"line":96,"column":20},"end":{"line":96,"column":42},"skip":true},"25":{"start":{"line":97,"column":20},"end":{"line":97,"column":48},"skip":true},"26":{"start":{"line":100,"column":20},"end":{"line":100,"column":85},"skip":true},"27":{"start":{"line":101,"column":20},"end":{"line":101,"column":96},"skip":true},"28":{"start":{"line":103,"column":16},"end":{"line":103,"column":22},"skip":true},"29":{"start":{"line":106,"column":16},"end":{"line":106,"column":22},"skip":true},"30":{"start":{"line":108,"column":12},"end":{"line":120,"column":13},"skip":true},"31":{"start":{"line":114,"column":16},"end":{"line":119,"column":17},"skip":true},"32":{"start":{"line":116,"column":20},"end":{"line":116,"column":78},"skip":true},"33":{"start":{"line":118,"column":20},"end":{"line":118,"column":47},"skip":true},"34":{"start":{"line":123,"column":8},"end":{"line":141,"column":11},"skip":true},"35":{"start":{"line":124,"column":12},"end":{"line":124,"column":54},"skip":true},"36":{"start":{"line":125,"column":12},"end":{"line":140,"column":14},"skip":true},"37":{"start":{"line":126,"column":16},"end":{"line":126,"column":28},"skip":true},"38":{"start":{"line":127,"column":16},"end":{"line":127,"column":69},"skip":true},"39":{"start":{"line":128,"column":16},"end":{"line":128,"column":75},"skip":true},"40":{"start":{"line":129,"column":16},"end":{"line":131,"column":17},"skip":true},"41":{"start":{"line":130,"column":20},"end":{"line":130,"column":27},"skip":true},"42":{"start":{"line":133,"column":16},"end":{"line":137,"column":36},"skip":true},"43":{"start":{"line":134,"column":20},"end":{"line":136,"column":55},"skip":true},"44":{"start":{"line":139,"column":16},"end":{"line":139,"column":57},"skip":true},"45":{"start":{"line":143,"column":8},"end":{"line":147,"column":11},"skip":true},"46":{"start":{"line":144,"column":12},"end":{"line":146,"column":15},"skip":true},"47":{"start":{"line":145,"column":16},"end":{"line":145,"column":70},"skip":true},"48":{"start":{"line":149,"column":8},"end":{"line":149,"column":31},"skip":true},"49":{"start":{"line":150,"column":8},"end":{"line":150,"column":14},"skip":true},"50":{"start":{"line":158,"column":8},"end":{"line":158,"column":31},"skip":true},"51":{"start":{"line":160,"column":8},"end":{"line":160,"column":33},"skip":true},"52":{"start":{"line":161,"column":8},"end":{"line":161,"column":37},"skip":true},"53":{"start":{"line":162,"column":8},"end":{"line":162,"column":35},"skip":true},"54":{"start":{"line":164,"column":8},"end":{"line":164,"column":50},"skip":true},"55":{"start":{"line":166,"column":8},"end":{"line":256,"column":2},"skip":true},"56":{"start":{"line":258,"column":8},"end":{"line":286,"column":9},"skip":true},"57":{"start":{"line":259,"column":12},"end":{"line":269,"column":14},"skip":true},"58":{"start":{"line":271,"column":12},"end":{"line":285,"column":19},"skip":true},"59":{"start":{"line":274,"column":20},"end":{"line":274,"column":35},"skip":true},"60":{"start":{"line":275,"column":20},"end":{"line":284,"column":21},"skip":true},"61":{"start":{"line":277,"column":24},"end":{"line":277,"column":64},"skip":true},"62":{"start":{"line":279,"column":24},"end":{"line":279,"column":40},"skip":true},"63":{"start":{"line":281,"column":24},"end":{"line":281,"column":40},"skip":true},"64":{"start":{"line":283,"column":24},"end":{"line":283,"column":39},"skip":true},"65":{"start":{"line":288,"column":8},"end":{"line":290,"column":9},"skip":true},"66":{"start":{"line":289,"column":12},"end":{"line":289,"column":18},"skip":true},"67":{"start":{"line":291,"column":8},"end":{"line":293,"column":54},"skip":true},"68":{"start":{"line":296,"column":8},"end":{"line":301,"column":37},"skip":true},"69":{"start":{"line":303,"column":8},"end":{"line":303,"column":82},"skip":true},"70":{"start":{"line":306,"column":8},"end":{"line":308,"column":9},"skip":true},"71":{"start":{"line":307,"column":12},"end":{"line":307,"column":82},"skip":true},"72":{"start":{"line":310,"column":8},"end":{"line":312,"column":9},"skip":true},"73":{"start":{"line":311,"column":12},"end":{"line":311,"column":18},"skip":true},"74":{"start":{"line":313,"column":8},"end":{"line":313,"column":54},"skip":true},"75":{"start":{"line":314,"column":8},"end":{"line":314,"column":69},"skip":true},"76":{"start":{"line":315,"column":8},"end":{"line":323,"column":36},"skip":true},"77":{"start":{"line":316,"column":12},"end":{"line":316,"column":61},"skip":true},"78":{"start":{"line":317,"column":12},"end":{"line":320,"column":13},"skip":true},"79":{"start":{"line":318,"column":16},"end":{"line":318,"column":75},"skip":true},"80":{"start":{"line":319,"column":16},"end":{"line":319,"column":23},"skip":true},"81":{"start":{"line":321,"column":12},"end":{"line":321,"column":38},"skip":true},"82":{"start":{"line":322,"column":12},"end":{"line":322,"column":27},"skip":true},"83":{"start":{"line":324,"column":8},"end":{"line":324,"column":14},"skip":true}},"branchMap":{"1":{"line":39,"type":"binary-expr","locations":[{"start":{"line":39,"column":23},"end":{"line":39,"column":62}},{"start":{"line":40,"column":20},"end":{"line":40,"column":70}},{"start":{"line":41,"column":20},"end":{"line":41,"column":71}},{"start":{"line":42,"column":20},"end":{"line":42,"column":29}}]},"2":{"line":44,"type":"binary-expr","locations":[{"start":{"line":44,"column":23},"end":{"line":44,"column":37}},{"start":{"line":45,"column":20},"end":{"line":45,"column":61}},{"start":{"line":46,"column":20},"end":{"line":46,"column":70}},{"start":{"line":47,"column":20},"end":{"line":47,"column":26}}]},"3":{"line":51,"type":"cond-expr","locations":[{"start":{"line":52,"column":14},"end":{"line":52,"column":20}},{"start":{"line":53,"column":14},"end":{"line":53,"column":20}}]},"4":{"line":55,"type":"binary-expr","locations":[{"start":{"line":55,"column":16},"end":{"line":55,"column":44}},{"start":{"line":55,"column":49},"end":{"line":57,"column":43}}]},"5":{"line":55,"type":"cond-expr","locations":[{"start":{"line":56,"column":14},"end":{"line":56,"column":55}},{"start":{"line":57,"column":14},"end":{"line":57,"column":43}}]},"6":{"line":61,"type":"switch","locations":[{"start":{"line":68,"column":4},"end":{"line":150,"column":14},"skip":true},{"start":{"line":156,"column":4},"end":{"line":324,"column":14},"skip":true}]},"7":{"line":70,"type":"if","locations":[{"start":{"line":70,"column":12},"end":{"line":70,"column":12},"skip":true},{"start":{"line":70,"column":12},"end":{"line":70,"column":12},"skip":true}]},"8":{"line":70,"type":"binary-expr","locations":[{"start":{"line":70,"column":16},"end":{"line":70,"column":22},"skip":true},{"start":{"line":70,"column":27},"end":{"line":70,"column":32},"skip":true},{"start":{"line":71,"column":20},"end":{"line":71,"column":39},"skip":true},{"start":{"line":72,"column":20},"end":{"line":72,"column":49},"skip":true},{"start":{"line":73,"column":20},"end":{"line":73,"column":58},"skip":true},{"start":{"line":74,"column":20},"end":{"line":74,"column":69},"skip":true}]},"9":{"line":79,"type":"switch","locations":[{"start":{"line":80,"column":20},"end":{"line":80,"column":33},"skip":true},{"start":{"line":81,"column":20},"end":{"line":83,"column":30},"skip":true},{"start":{"line":84,"column":20},"end":{"line":85,"column":49},"skip":true}]},"10":{"line":89,"type":"switch","locations":[{"start":{"line":90,"column":12},"end":{"line":103,"column":22},"skip":true},{"start":{"line":105,"column":12},"end":{"line":106,"column":22},"skip":true}]},"11":{"line":89,"type":"binary-expr","locations":[{"start":{"line":89,"column":20},"end":{"line":89,"column":25},"skip":true},{"start":{"line":89,"column":29},"end":{"line":89,"column":48},"skip":true},{"start":{"line":89,"column":52},"end":{"line":89,"column":74},"skip":true}]},"12":{"line":92,"type":"if","locations":[{"start":{"line":92,"column":16},"end":{"line":92,"column":16},"skip":true},{"start":{"line":92,"column":16},"end":{"line":92,"column":16},"skip":true}]},"13":{"line":108,"type":"if","locations":[{"start":{"line":108,"column":12},"end":{"line":108,"column":12},"skip":true},{"start":{"line":108,"column":12},"end":{"line":108,"column":12},"skip":true}]},"14":{"line":108,"type":"binary-expr","locations":[{"start":{"line":108,"column":16},"end":{"line":108,"column":61},"skip":true},{"start":{"line":108,"column":66},"end":{"line":108,"column":72},"skip":true},{"start":{"line":108,"column":77},"end":{"line":108,"column":82},"skip":true},{"start":{"line":109,"column":20},"end":{"line":109,"column":39},"skip":true},{"start":{"line":110,"column":20},"end":{"line":110,"column":49},"skip":true},{"start":{"line":111,"column":20},"end":{"line":111,"column":58},"skip":true},{"start":{"line":112,"column":20},"end":{"line":112,"column":68},"skip":true}]},"15":{"line":129,"type":"if","locations":[{"start":{"line":129,"column":16},"end":{"line":129,"column":16},"skip":true},{"start":{"line":129,"column":16},"end":{"line":129,"column":16},"skip":true}]},"16":{"line":134,"type":"cond-expr","locations":[{"start":{"line":135,"column":26},"end":{"line":135,"column":29},"skip":true},{"start":{"line":136,"column":26},"end":{"line":136,"column":54},"skip":true}]},"17":{"line":164,"type":"binary-expr","locations":[{"start":{"line":164,"column":27},"end":{"line":164,"column":43},"skip":true},{"start":{"line":164,"column":47},"end":{"line":164,"column":49},"skip":true}]},"18":{"line":258,"type":"if","locations":[{"start":{"line":258,"column":8},"end":{"line":258,"column":8},"skip":true},{"start":{"line":258,"column":8},"end":{"line":258,"column":8},"skip":true}]},"19":{"line":275,"type":"switch","locations":[{"start":{"line":276,"column":20},"end":{"line":277,"column":64},"skip":true},{"start":{"line":278,"column":20},"end":{"line":279,"column":40},"skip":true},{"start":{"line":280,"column":20},"end":{"line":281,"column":40},"skip":true},{"start":{"line":282,"column":20},"end":{"line":283,"column":39},"skip":true}]},"20":{"line":288,"type":"if","locations":[{"start":{"line":288,"column":8},"end":{"line":288,"column":8},"skip":true},{"start":{"line":288,"column":8},"end":{"line":288,"column":8},"skip":true}]},"21":{"line":288,"type":"binary-expr","locations":[{"start":{"line":288,"column":12},"end":{"line":288,"column":40},"skip":true},{"start":{"line":288,"column":44},"end":{"line":288,"column":67},"skip":true}]},"22":{"line":292,"type":"binary-expr","locations":[{"start":{"line":292,"column":12},"end":{"line":292,"column":50},"skip":true},{"start":{"line":293,"column":12},"end":{"line":293,"column":53},"skip":true}]},"23":{"line":297,"type":"binary-expr","locations":[{"start":{"line":297,"column":12},"end":{"line":297,"column":69},"skip":true},{"start":{"line":298,"column":12},"end":{"line":301,"column":36},"skip":true}]},"24":{"line":303,"type":"binary-expr","locations":[{"start":{"line":303,"column":43},"end":{"line":303,"column":75},"skip":true},{"start":{"line":303,"column":79},"end":{"line":303,"column":81},"skip":true}]},"25":{"line":306,"type":"if","locations":[{"start":{"line":306,"column":8},"end":{"line":306,"column":8},"skip":true},{"start":{"line":306,"column":8},"end":{"line":306,"column":8},"skip":true}]},"26":{"line":310,"type":"if","locations":[{"start":{"line":310,"column":8},"end":{"line":310,"column":8},"skip":true},{"start":{"line":310,"column":8},"end":{"line":310,"column":8},"skip":true}]},"27":{"line":313,"type":"binary-expr","locations":[{"start":{"line":313,"column":27},"end":{"line":313,"column":43},"skip":true},{"start":{"line":313,"column":47},"end":{"line":313,"column":53},"skip":true}]},"28":{"line":317,"type":"if","locations":[{"start":{"line":317,"column":12},"end":{"line":317,"column":12},"skip":true},{"start":{"line":317,"column":12},"end":{"line":317,"column":12},"skip":true}]}},"code":["/*","example.js","","quickstart example","","instruction","    1. save this script as example.js","    2. run the shell command:","        $ npm install npmtest-include-all && PORT=8081 node example.js","    3. play with the browser-demo on http://127.0.0.1:8081","*/","","","","/* istanbul instrument in package npmtest_include_all */","/*jslint","    bitwise: true,","    browser: true,","    maxerr: 8,","    maxlen: 96,","    node: true,","    nomen: true,","    regexp: true,","    stupid: true","*/","(function () {","    'use strict';","    var local;","","","","    // run shared js-env code - pre-init","    (function () {","        // init local","        local = {};","        // init modeJs","        local.modeJs = (function () {","            try {","                return typeof navigator.userAgent === 'string' &&","                    typeof document.querySelector('body') === 'object' &&","                    typeof XMLHttpRequest.prototype.open === 'function' &&","                    'browser';","            } catch (errorCaughtBrowser) {","                return module.exports &&","                    typeof process.versions.node === 'string' &&","                    typeof require('http').createServer === 'function' &&","                    'node';","            }","        }());","        // init global","        local.global = local.modeJs === 'browser'","            ? window","            : global;","        // init utility2_rollup","        local = local.global.utility2_rollup || (local.modeJs === 'browser'","            ? local.global.utility2_npmtest_include_all","            : global.utility2_moduleExports);","        // export local","        local.global.local = local;","    }());","    switch (local.modeJs) {","","","","    // post-init","    // run browser js-env code - post-init","    /* istanbul ignore next */","    case 'browser':","        local.testRunBrowser = function (event) {","            if (!event || (event &&","                    event.currentTarget &&","                    event.currentTarget.className &&","                    event.currentTarget.className.includes &&","                    event.currentTarget.className.includes('onreset'))) {","                // reset output","                Array.from(","                    document.querySelectorAll('body > .resettable')","                ).forEach(function (element) {","                    switch (element.tagName) {","                    case 'INPUT':","                    case 'TEXTAREA':","                        element.value = '';","                        break;","                    default:","                        element.textContent = '';","                    }","                });","            }","            switch (event && event.currentTarget && event.currentTarget.id) {","            case 'testRunButton1':","                // show tests","                if (document.querySelector('#testReportDiv1').style.display === 'none') {","                    document.querySelector('#testReportDiv1').style.display = 'block';","                    document.querySelector('#testRunButton1').textContent =","                        'hide internal test';","                    local.modeTest = true;","                    local.testRunDefault(local);","                // hide tests","                } else {","                    document.querySelector('#testReportDiv1').style.display = 'none';","                    document.querySelector('#testRunButton1').textContent = 'run internal test';","                }","                break;","            // custom-case","            default:","                break;","            }","            if (document.querySelector('#inputTextareaEval1') && (!event || (event &&","                    event.currentTarget &&","                    event.currentTarget.className &&","                    event.currentTarget.className.includes &&","                    event.currentTarget.className.includes('oneval')))) {","                // try to eval input-code","                try {","                    /*jslint evil: true*/","                    eval(document.querySelector('#inputTextareaEval1').value);","                } catch (errorCaught) {","                    console.error(errorCaught);","                }","            }","        };","        // log stderr and stdout to #outputTextareaStdout1","        ['error', 'log'].forEach(function (key) {","            console[key + '_original'] = console[key];","            console[key] = function () {","                var element;","                console[key + '_original'].apply(console, arguments);","                element = document.querySelector('#outputTextareaStdout1');","                if (!element) {","                    return;","                }","                // append text to #outputTextareaStdout1","                element.value += Array.from(arguments).map(function (arg) {","                    return typeof arg === 'string'","                        ? arg","                        : JSON.stringify(arg, null, 4);","                }).join(' ') + '\\n';","                // scroll textarea to bottom","                element.scrollTop = element.scrollHeight;","            };","        });","        // init event-handling","        ['change', 'click', 'keyup'].forEach(function (event) {","            Array.from(document.querySelectorAll('.on' + event)).forEach(function (element) {","                element.addEventListener(event, local.testRunBrowser);","            });","        });","        // run tests","        local.testRunBrowser();","        break;","","","","    // run node js-env code - post-init","    /* istanbul ignore next */","    case 'node':","        // export local","        module.exports = local;","        // require modules","        local.fs = require('fs');","        local.http = require('http');","        local.url = require('url');","        // init assets","        local.assetsDict = local.assetsDict || {};","        /* jslint-ignore-begin */","        local.assetsDict['/assets.index.template.html'] = '\\","<!doctype html>\\n\\","<html lang=\"en\">\\n\\","<head>\\n\\","<meta charset=\"UTF-8\">\\n\\","<meta name=\"viewport\" content=\"width=device-width, initial-scale=1\">\\n\\","<title>{{env.npm_package_name}} (v{{env.npm_package_version}})</title>\\n\\","<style>\\n\\","/*csslint\\n\\","    box-sizing: false,\\n\\","    universal-selector: false\\n\\","*/\\n\\","* {\\n\\","    box-sizing: border-box;\\n\\","}\\n\\","body {\\n\\","    background: #dde;\\n\\","    font-family: Arial, Helvetica, sans-serif;\\n\\","    margin: 2rem;\\n\\","}\\n\\","body > * {\\n\\","    margin-bottom: 1rem;\\n\\","}\\n\\",".utility2FooterDiv {\\n\\","    margin-top: 20px;\\n\\","    text-align: center;\\n\\","}\\n\\","</style>\\n\\","<style>\\n\\","/*csslint\\n\\","*/\\n\\","textarea {\\n\\","    font-family: monospace;\\n\\","    height: 10rem;\\n\\","    width: 100%;\\n\\","}\\n\\","textarea[readonly] {\\n\\","    background: #ddd;\\n\\","}\\n\\","</style>\\n\\","</head>\\n\\","<body>\\n\\","<!-- utility2-comment\\n\\","<div id=\"ajaxProgressDiv1\" style=\"background: #d00; height: 2px; left: 0; margin: 0; padding: 0; position: fixed; top: 0; transition: background 0.5s, width 1.5s; width: 25%;\"></div>\\n\\","utility2-comment -->\\n\\","<h1>\\n\\","<!-- utility2-comment\\n\\","    <a\\n\\","        {{#if env.npm_package_homepage}}\\n\\","        href=\"{{env.npm_package_homepage}}\"\\n\\","        {{/if env.npm_package_homepage}}\\n\\","        target=\"_blank\"\\n\\","    >\\n\\","utility2-comment -->\\n\\","        {{env.npm_package_name}} (v{{env.npm_package_version}})\\n\\","<!-- utility2-comment\\n\\","    </a>\\n\\","utility2-comment -->\\n\\","</h1>\\n\\","<h3>{{env.npm_package_description}}</h3>\\n\\","<!-- utility2-comment\\n\\","<h4><a download href=\"assets.app.js\">download standalone app</a></h4>\\n\\","<button class=\"onclick onreset\" id=\"testRunButton1\">run internal test</button><br>\\n\\","<div id=\"testReportDiv1\" style=\"display: none;\"></div>\\n\\","utility2-comment -->\\n\\","\\n\\","\\n\\","\\n\\","<label>stderr and stdout</label>\\n\\","<textarea class=\"resettable\" id=\"outputTextareaStdout1\" readonly></textarea>\\n\\","<!-- utility2-comment\\n\\","{{#if isRollup}}\\n\\","<script src=\"assets.app.js\"></script>\\n\\","{{#unless isRollup}}\\n\\","utility2-comment -->\\n\\","<script src=\"assets.utility2.rollup.js\"></script>\\n\\","<script src=\"jsonp.utility2._stateInit?callback=window.utility2._stateInit\"></script>\\n\\","<script src=\"assets.npmtest_include_all.rollup.js\"></script>\\n\\","<script src=\"assets.example.js\"></script>\\n\\","<script src=\"assets.test.js\"></script>\\n\\","<!-- utility2-comment\\n\\","{{/if isRollup}}\\n\\","utility2-comment -->\\n\\","<div class=\"utility2FooterDiv\">\\n\\","    [ this app was created with\\n\\","    <a href=\"https://github.com/kaizhu256/node-utility2\" target=\"_blank\">utility2</a>\\n\\","    ]\\n\\","</div>\\n\\","</body>\\n\\","</html>\\n\\","';","        /* jslint-ignore-end */","        if (local.templateRender) {","            local.assetsDict['/'] = local.templateRender(","                local.assetsDict['/assets.index.template.html'],","                {","                    env: local.objectSetDefault(local.env, {","                        npm_package_description: 'the greatest app in the world!',","                        npm_package_name: 'my-app',","                        npm_package_nameAlias: 'my_app',","                        npm_package_version: '0.0.1'","                    })","                }","            );","        } else {","            local.assetsDict['/'] = local.assetsDict['/assets.index.template.html']","                .replace((/\\{\\{env\\.(\\w+?)\\}\\}/g), function (match0, match1) {","                    // jslint-hack","                    String(match0);","                    switch (match1) {","                    case 'npm_package_description':","                        return 'the greatest app in the world!';","                    case 'npm_package_name':","                        return 'my-app';","                    case 'npm_package_nameAlias':","                        return 'my_app';","                    case 'npm_package_version':","                        return '0.0.1';","                    }","                });","        }","        // run the cli","        if (local.global.utility2_rollup || module !== require.main) {","            break;","        }","        local.assetsDict['/assets.example.js'] =","            local.assetsDict['/assets.example.js'] ||","            local.fs.readFileSync(__filename, 'utf8');","        // bug-workaround - long $npm_package_buildCustomOrg","        /* jslint-ignore-begin */","        local.assetsDict['/assets.npmtest_include_all.rollup.js'] =","            local.assetsDict['/assets.npmtest_include_all.rollup.js'] ||","            local.fs.readFileSync(","                local.npmtest_include_all.__dirname + '/lib.npmtest_include_all.js',","                'utf8'","            ).replace((/^#!/), '//');","        /* jslint-ignore-end */","        local.assetsDict['/favicon.ico'] = local.assetsDict['/favicon.ico'] || '';","        // if $npm_config_timeout_exit exists,","        // then exit this process after $npm_config_timeout_exit ms","        if (Number(process.env.npm_config_timeout_exit)) {","            setTimeout(process.exit, Number(process.env.npm_config_timeout_exit));","        }","        // start server","        if (local.global.utility2_serverHttp1) {","            break;","        }","        process.env.PORT = process.env.PORT || '8081';","        console.error('server starting on port ' + process.env.PORT);","        local.http.createServer(function (request, response) {","            request.urlParsed = local.url.parse(request.url);","            if (local.assetsDict[request.urlParsed.pathname] !== undefined) {","                response.end(local.assetsDict[request.urlParsed.pathname]);","                return;","            }","            response.statusCode = 404;","            response.end();","        }).listen(process.env.PORT);","        break;","    }","}());",""],"l":{"26":2,"28":2,"33":2,"35":2,"37":2,"38":2,"39":2,"44":1,"51":2,"55":2,"59":2,"61":2,"69":1,"70":2,"76":2,"79":2,"82":2,"83":2,"85":1,"89":2,"92":1,"93":1,"94":1,"96":1,"97":1,"100":1,"101":1,"103":1,"106":1,"108":2,"114":1,"116":1,"118":1,"123":1,"124":2,"125":2,"126":3,"127":3,"128":3,"129":3,"130":1,"133":3,"134":3,"139":3,"143":1,"144":3,"145":1,"149":1,"150":1,"158":1,"160":1,"161":1,"162":1,"164":1,"166":1,"258":1,"259":1,"271":1,"274":6,"275":6,"277":1,"279":2,"281":1,"283":2,"288":1,"289":1,"291":1,"296":1,"303":1,"306":1,"307":1,"310":1,"311":1,"313":1,"314":1,"315":1,"316":1,"317":1,"318":1,"319":1,"321":1,"322":1,"324":1}},"/home/travis/build/npmtest/node-npmtest-include-all/node_modules/include-all/index.js":{"path":"/home/travis/build/npmtest/node-npmtest-include-all/node_modules/include-all/index.js","s":{"1":1,"2":1,"3":1,"4":0,"5":1,"6":0,"7":1,"8":0,"9":0,"10":1,"11":0,"12":0,"13":0,"14":1,"15":0,"16":0,"17":0,"18":1,"19":0,"20":0,"21":0,"22":0,"23":0,"24":0,"25":0,"26":0,"27":0,"28":0,"29":0},"b":{"1":[0,0],"2":[0,0],"3":[0,0]},"f":{"1":0,"2":0,"3":0,"4":0,"5":0,"6":0},"fnMap":{"1":{"name":"includeAllSync","line":25,"loc":{"start":{"line":25,"column":17},"end":{"line":25,"column":50}}},"2":{"name":"(anonymous_2)","line":50,"loc":{"start":{"line":50,"column":26},"end":{"line":50,"column":48}}},"3":{"name":"(anonymous_3)","line":65,"loc":{"start":{"line":65,"column":26},"end":{"line":65,"column":48}}},"4":{"name":"(anonymous_4)","line":81,"loc":{"start":{"line":81,"column":24},"end":{"line":81,"column":46}}},"5":{"name":"(anonymous_5)","line":98,"loc":{"start":{"line":98,"column":27},"end":{"line":98,"column":49}}},"6":{"name":"(anonymous_6)","line":123,"loc":{"start":{"line":123,"column":26},"end":{"line":123,"column":44}}}},"statementMap":{"1":{"start":{"line":5,"column":0},"end":{"line":5,"column":65}},"2":{"start":{"line":6,"column":0},"end":{"line":6,"column":64}},"3":{"start":{"line":25,"column":0},"end":{"line":28,"column":2}},"4":{"start":{"line":27,"column":2},"end":{"line":27,"column":37}},"5":{"start":{"line":50,"column":0},"end":{"line":52,"column":2}},"6":{"start":{"line":51,"column":2},"end":{"line":51,"column":42}},"7":{"start":{"line":65,"column":0},"end":{"line":68,"column":2}},"8":{"start":{"line":66,"column":2},"end":{"line":66,"column":26}},"9":{"start":{"line":67,"column":2},"end":{"line":67,"column":42}},"10":{"start":{"line":81,"column":0},"end":{"line":85,"column":2}},"11":{"start":{"line":82,"column":2},"end":{"line":82,"column":26}},"12":{"start":{"line":83,"column":2},"end":{"line":83,"column":26}},"13":{"start":{"line":84,"column":2},"end":{"line":84,"column":42}},"14":{"start":{"line":98,"column":0},"end":{"line":102,"column":2}},"15":{"start":{"line":99,"column":2},"end":{"line":99,"column":27}},"16":{"start":{"line":100,"column":2},"end":{"line":100,"column":26}},"17":{"start":{"line":101,"column":2},"end":{"line":101,"column":42}},"18":{"start":{"line":123,"column":0},"end":{"line":153,"column":2}},"19":{"start":{"line":126,"column":2},"end":{"line":126,"column":25}},"20":{"start":{"line":127,"column":2},"end":{"line":127,"column":35}},"21":{"start":{"line":136,"column":2},"end":{"line":136,"column":26}},"22":{"start":{"line":137,"column":2},"end":{"line":137,"column":26}},"23":{"start":{"line":141,"column":2},"end":{"line":143,"column":3}},"24":{"start":{"line":142,"column":4},"end":{"line":142,"column":42}},"25":{"start":{"line":144,"column":2},"end":{"line":146,"column":3}},"26":{"start":{"line":145,"column":4},"end":{"line":145,"column":23}},"27":{"start":{"line":147,"column":2},"end":{"line":149,"column":3}},"28":{"start":{"line":148,"column":4},"end":{"line":148,"column":29}},"29":{"start":{"line":152,"column":2},"end":{"line":152,"column":37}}},"branchMap":{"1":{"line":141,"type":"if","locations":[{"start":{"line":141,"column":2},"end":{"line":141,"column":2}},{"start":{"line":141,"column":2},"end":{"line":141,"column":2}}]},"2":{"line":144,"type":"if","locations":[{"start":{"line":144,"column":2},"end":{"line":144,"column":2}},{"start":{"line":144,"column":2},"end":{"line":144,"column":2}}]},"3":{"line":147,"type":"if","locations":[{"start":{"line":147,"column":2},"end":{"line":147,"column":2}},{"start":{"line":147,"column":2},"end":{"line":147,"column":2}}]}},"code":["/**"," * Module dependencies"," */","","var helpBuildDictionary = require('./lib/help-build-dictionary');","var helpIncludeAllSync = require('./lib/help-include-all-sync');","","","/**"," * includeAll"," *"," * An easy way to include all node.js modules within a directory."," *"," * > Used by the module loader in Sails core."," */","","","/**"," * Build a dictionary of named modules"," * (default usage-- see options in `README.md`)"," *"," * @param {Dictionary} options"," */","","module.exports = function includeAllSync(options) {","  // This is the original, pre-v1 `include-all` usage.","  return helpIncludeAllSync(options);","};","","","//////////////////////////////////////////////////////////////////////////////","// The four methods below are all originally from sails-build-dictionary.","// They are asynchronous, and besides defaulting certain options, they do a","// handful of extra things.  So it's more than just options getting defaulted!","//////////////////////////////////////////////////////////////////////////////","","","/**"," * Build a dictionary of named modules"," * (responds with an error if the container cannot be loaded)"," *"," * WARNING: THIS PARTICULAR CONVENIENCE METHOD WILL LIKELY BE DEPRECATED."," * (it's not actually being used anywhere in core)"," *"," * @async"," * @param {Dictionary} options"," * @param {Function} cb"," */","","module.exports.required = function(options, cb) {","  return helpBuildDictionary(options, cb);","};","","","","/**"," * Build a dictionary of named modules"," * (fails silently-- returns {} if the container cannot be loaded)"," *"," * @async"," * @param {Dictionary} options"," * @param {Function} cb"," */","","module.exports.optional = function(options, cb) {","  options.optional = true;","  return helpBuildDictionary(options, cb);","};","","","","/**"," * Build a dictionary indicating whether the matched modules exist"," * (fails silently-- returns {} if the container cannot be loaded)"," *"," * @async"," * @param {Dictionary} options"," * @param {Function} cb"," */","","module.exports.exists = function(options, cb) {","  options.optional = true;","  options.dontLoad = true;","  return helpBuildDictionary(options, cb);","};","","","","/**"," * Build a single module dictionary by extending {} with the contents of each module"," * (fail silently-- returns {} if the container cannot be loaded)"," *"," * @async"," * @param {Dictionary} options"," * @param {Function} cb"," */","","module.exports.aggregate = function(options, cb) {","  options.aggregate = true;","  options.optional = true;","  return helpBuildDictionary(options, cb);","};","","","","","//////////////////////////////////////////////////////////////////////////////","// Finally, this last method is sort of like a recursive `ls`.","// Similarly, it's more or less just a synchronous version of `.exists()`,","// but with a few more specific hard-coded overrides.","//////////////////////////////////////////////////////////////////////////////","","","/**"," * Build a flat dictionary of the matched modules, where the keys are the"," * paths, and the values are `true` (fails silently-- returns {} if the"," * container cannot be loaded)"," *"," * @param {Dictionary} options"," * @returns {Dictionary}"," */","","module.exports.scanSync = function(options) {","","  // Higher level overrides.","  options.flatten = true;","  options.keepDirectoryPath = true;","","  // - - - - - - - - - - - - - - - - - - - - - - - - - - - - - -","  // Note: the combination of the following overrides make this","  // more or less equivalent to `.exists()`-- but synchronous.","  // Not all options work... instead, this is really designed","  // for a slightly different kind of use case-- where you want","  // to recursively, synchronously stat modules, rather than","  // include them.","  options.optional = true;","  options.dontLoad = true;","  // - - - - - - - - - - - - - - - - - - - - - - - - - - - - - -","","  // Finally, some defaults:","  if (!options.excludeDirs) {","    options.excludeDirs = /^\\.(git|svn)$/;","  }","  if (!options.depth) {","    options.depth = 10;","  }","  if (!options.filter) {","    options.filter = /(.+)$/;","  }","","  // Now call the low-lvl helper.","  return helpIncludeAllSync(options);","};","",""],"l":{"5":1,"6":1,"25":1,"27":0,"50":1,"51":0,"65":1,"66":0,"67":0,"81":1,"82":0,"83":0,"84":0,"98":1,"99":0,"100":0,"101":0,"123":1,"126":0,"127":0,"136":0,"137":0,"141":0,"142":0,"144":0,"145":0,"147":0,"148":0,"152":0}},"/home/travis/build/npmtest/node-npmtest-include-all/node_modules/include-all/lib/help-build-dictionary.js":{"path":"/home/travis/build/npmtest/node-npmtest-include-all/node_modules/include-all/lib/help-build-dictionary.js","s":{"1":1,"2":1,"3":1,"4":1,"5":1,"6":0,"7":0,"8":0,"9":0,"10":0,"11":0,"12":0,"13":0,"14":0,"15":0,"16":0,"17":0,"18":0,"19":0,"20":0,"21":0,"22":0,"23":0,"24":0,"25":0,"26":0,"27":0,"28":0,"29":0,"30":0,"31":0,"32":0,"33":0,"34":0,"35":0,"36":0,"37":0,"38":0,"39":0,"40":0,"41":0,"42":0,"43":0},"b":{"1":[0,0],"2":[0,0],"3":[0,0],"4":[0,0],"5":[0,0],"6":[0,0],"7":[0,0],"8":[0,0],"9":[0,0],"10":[0,0],"11":[0,0],"12":[0,0],"13":[0,0],"14":[0,0],"15":[0,0]},"f":{"1":0,"2":0},"fnMap":{"1":{"name":"helpBuildDictionary","line":34,"loc":{"start":{"line":34,"column":17},"end":{"line":34,"column":60}}},"2":{"name":"(anonymous_2)","line":54,"loc":{"start":{"line":54,"column":18},"end":{"line":54,"column":46}}}},"statementMap":{"1":{"start":{"line":5,"column":0},"end":{"line":5,"column":27}},"2":{"start":{"line":6,"column":0},"end":{"line":6,"column":35}},"3":{"start":{"line":7,"column":0},"end":{"line":7,"column":54}},"4":{"start":{"line":8,"column":0},"end":{"line":8,"column":60}},"5":{"start":{"line":34,"column":0},"end":{"line":136,"column":2}},"6":{"start":{"line":37,"column":2},"end":{"line":37,"column":48}},"7":{"start":{"line":40,"column":2},"end":{"line":42,"column":3}},"8":{"start":{"line":41,"column":4},"end":{"line":41,"column":42}},"9":{"start":{"line":44,"column":2},"end":{"line":44,"column":12}},"10":{"start":{"line":45,"column":2},"end":{"line":47,"column":31}},"11":{"start":{"line":46,"column":4},"end":{"line":46,"column":40}},"12":{"start":{"line":47,"column":16},"end":{"line":47,"column":29}},"13":{"start":{"line":50,"column":2},"end":{"line":50,"column":22}},"14":{"start":{"line":53,"column":2},"end":{"line":130,"column":31}},"15":{"start":{"line":54,"column":4},"end":{"line":129,"column":7}},"16":{"start":{"line":59,"column":6},"end":{"line":71,"column":7}},"17":{"start":{"line":62,"column":8},"end":{"line":64,"column":9}},"18":{"start":{"line":63,"column":10},"end":{"line":63,"column":137}},"19":{"start":{"line":68,"column":8},"end":{"line":68,"column":46}},"20":{"start":{"line":70,"column":8},"end":{"line":70,"column":15}},"21":{"start":{"line":74,"column":6},"end":{"line":74,"column":29}},"22":{"start":{"line":78,"column":6},"end":{"line":80,"column":7}},"23":{"start":{"line":79,"column":8},"end":{"line":79,"column":15}},"24":{"start":{"line":85,"column":6},"end":{"line":116,"column":7}},"25":{"start":{"line":88,"column":8},"end":{"line":95,"column":9}},"26":{"start":{"line":89,"column":10},"end":{"line":94,"column":11}},"27":{"start":{"line":90,"column":12},"end":{"line":90,"column":88}},"28":{"start":{"line":93,"column":12},"end":{"line":93,"column":39}},"29":{"start":{"line":101,"column":8},"end":{"line":103,"column":9}},"30":{"start":{"line":102,"column":10},"end":{"line":102,"column":64}},"31":{"start":{"line":109,"column":8},"end":{"line":109,"column":66}},"32":{"start":{"line":109,"column":31},"end":{"line":109,"column":65}},"33":{"start":{"line":112,"column":8},"end":{"line":112,"column":56}},"34":{"start":{"line":115,"column":8},"end":{"line":115,"column":84}},"35":{"start":{"line":118,"column":6},"end":{"line":123,"column":7}},"36":{"start":{"line":119,"column":8},"end":{"line":119,"column":144}},"37":{"start":{"line":120,"column":8},"end":{"line":120,"column":41}},"38":{"start":{"line":121,"column":8},"end":{"line":121,"column":38}},"39":{"start":{"line":122,"column":8},"end":{"line":122,"column":16}},"40":{"start":{"line":128,"column":6},"end":{"line":128,"column":35}},"41":{"start":{"line":130,"column":16},"end":{"line":130,"column":29}},"42":{"start":{"line":133,"column":2},"end":{"line":133,"column":32}},"43":{"start":{"line":135,"column":2},"end":{"line":135,"column":35}}},"branchMap":{"1":{"line":37,"type":"binary-expr","locations":[{"start":{"line":37,"column":23},"end":{"line":37,"column":41}},{"start":{"line":37,"column":45},"end":{"line":37,"column":47}}]},"2":{"line":40,"type":"if","locations":[{"start":{"line":40,"column":2},"end":{"line":40,"column":2}},{"start":{"line":40,"column":2},"end":{"line":40,"column":2}}]},"3":{"line":59,"type":"if","locations":[{"start":{"line":59,"column":6},"end":{"line":59,"column":6}},{"start":{"line":59,"column":6},"end":{"line":59,"column":6}}]},"4":{"line":62,"type":"if","locations":[{"start":{"line":62,"column":8},"end":{"line":62,"column":8}},{"start":{"line":62,"column":8},"end":{"line":62,"column":8}}]},"5":{"line":78,"type":"if","locations":[{"start":{"line":78,"column":6},"end":{"line":78,"column":6}},{"start":{"line":78,"column":6},"end":{"line":78,"column":6}}]},"6":{"line":85,"type":"if","locations":[{"start":{"line":85,"column":6},"end":{"line":85,"column":6}},{"start":{"line":85,"column":6},"end":{"line":85,"column":6}}]},"7":{"line":85,"type":"binary-expr","locations":[{"start":{"line":85,"column":10},"end":{"line":85,"column":27}},{"start":{"line":85,"column":31},"end":{"line":85,"column":57}}]},"8":{"line":88,"type":"if","locations":[{"start":{"line":88,"column":8},"end":{"line":88,"column":8}},{"start":{"line":88,"column":8},"end":{"line":88,"column":8}}]},"9":{"line":89,"type":"if","locations":[{"start":{"line":89,"column":10},"end":{"line":89,"column":10}},{"start":{"line":89,"column":10},"end":{"line":89,"column":10}}]},"10":{"line":101,"type":"if","locations":[{"start":{"line":101,"column":8},"end":{"line":101,"column":8}},{"start":{"line":101,"column":8},"end":{"line":101,"column":8}}]},"11":{"line":109,"type":"if","locations":[{"start":{"line":109,"column":8},"end":{"line":109,"column":8}},{"start":{"line":109,"column":8},"end":{"line":109,"column":8}}]},"12":{"line":115,"type":"cond-expr","locations":[{"start":{"line":115,"column":50},"end":{"line":115,"column":65}},{"start":{"line":115,"column":68},"end":{"line":115,"column":83}}]},"13":{"line":118,"type":"if","locations":[{"start":{"line":118,"column":6},"end":{"line":118,"column":6}},{"start":{"line":118,"column":6},"end":{"line":118,"column":6}}]},"14":{"line":118,"type":"binary-expr","locations":[{"start":{"line":118,"column":10},"end":{"line":118,"column":29}},{"start":{"line":118,"column":33},"end":{"line":118,"column":60}}]},"15":{"line":133,"type":"binary-expr","locations":[{"start":{"line":133,"column":15},"end":{"line":133,"column":25}},{"start":{"line":133,"column":29},"end":{"line":133,"column":31}}]}},"code":["/**"," * Module dependencies"," */","","var path = require('path');","var _ = require('@sailshq/lodash');","var mergeDictionaries = require('merge-dictionaries');","var helpIncludeAllSync = require('./help-include-all-sync');","","","","/**"," * helpBuildDictionary()"," *"," * A helper."," *"," * Build a dictionary of \"identifiable\" modules."," *"," * Go through each module in the source directory according to these options."," * This primarily relies on include-all, with a few extra bits of logic, including"," * the determination of each module's \"identity\".  Tolerates non-existent files/directories"," * by ignoring them."," *"," * > Note:"," * > This helper includes stronger conventions than the base includeAll usage."," * > For example, it defaults to excluding `.git` and `.svn` folders."," * > It also exposes extra options which are not supported by the base, synchronous includeAll."," *"," * @param {Dictionary} options [see README.md for details]"," * @param {Function} cb"," *"," * @private"," */","module.exports = function helpBuildDictionary (options, cb) {","","  // Defaults","  options.replaceVal = options.replaceVal || '';","","  // Deliberately exclude source control directories","  if (!options.excludeDirs) {","    options.excludeDirs = /^\\.(git|svn)$/;","  }","","  var files;","  try {","    files = helpIncludeAllSync(options);","  } catch (e) { return cb(e); }","","  // Start building the module dictionary","  var dictionary = {};","","  // Iterate through each module in the set","  try {","    _.each(files, function (module, filename) {","","      // Build the result dictionary by merging all of the target modules.","      // Note: Each module must export a dictionary in order for this to work","      // (e.g. for building a configuration dictionary from a set of config files)","      if (options.aggregate) {","","        // Check that source module is a valid dictionary","        if (!_.isPlainObject(module)) {","          throw new Error('When using `aggregate`, modules must export dictionaries.  But module (`'+filename+'`) is invalid:' + module);","        }","","        // Merge module into dictionary, using our custom merge strategy for the merge-dictionaries module","        // to prevent issues with empty dictionaries and arrays (see highlvl \"edge case\" tests)","        mergeDictionaries(dictionary, module);","","        return;","      }","","      // Keyname is how the module will be identified in the returned module tree","      var keyName = filename;","","      // If a module is found but marked as `undefined`,","      // don't actually include it (since it's probably unusable)","      if (typeof module === 'undefined') {","        return;","      }","","      // Normal case behavior:","      // (i.e. unless the `identity` option is explicitly disabled,","      //  or if `dontLoad` is set)","      if (!options.dontLoad && options.identity !== false) {","","        // If no `identity` property is specified in module, infer it from the filename","        if (!module.identity) {","          if (options.replaceExpr) {","            module.identity = filename.replace(options.replaceExpr, options.replaceVal);","          }","          else {","            module.identity = filename;","          }","        }","","        // Ensure that the identity and globalId always use forward slashes (\"/\") for their","        // path separators, even on Windows.  This is so that identities are more clean and","        // predictable.","        // (see https://nodejs.org/dist/latest-v0.10.x/docs/api/path.html#path_path_sep)","        if (path.sep === '\\\\') {","          module.identity = module.identity.replace(/\\\\/g, '/');","        }","","        // globalId is the name of the variable for this module","        // that e.g. will be exposed globally in Sails unless configured otherwise.","","        // Generate `globalId` using the original value of module.identity","        if (!module.globalId) {module.globalId = module.identity;}","","        // `identity` is the all-lowercase version","        module.identity = module.identity.toLowerCase();","","        // Use the identity for the key name","        keyName = options.useGlobalIdForKeyName ? module.globalId : module.identity;","      }","","      if (dictionary[keyName] && !options.allowDuplicateKeys) {","        var e = new Error('Duplicate filename detected: `include-all` attempted to load two files named `' + keyName + '` (case-insensitive).');","        e.code = 'include-all:DUPLICATE';","        e.duplicateIdentity = keyName;","        throw e;","      }","","      // >-","      // Now save the module's contents (or `true`, if the `dontLoad` option is set)","      // in our dictionary.","      dictionary[keyName] = module;","    });//</each key/module pair in the module map>","  } catch (e) { return cb(e); }","","  // Always return at least an empty dictionary","  dictionary = dictionary || {};","","  return cb(undefined, dictionary);","};",""],"l":{"5":1,"6":1,"7":1,"8":1,"34":1,"37":0,"40":0,"41":0,"44":0,"45":0,"46":0,"47":0,"50":0,"53":0,"54":0,"59":0,"62":0,"63":0,"68":0,"70":0,"74":0,"78":0,"79":0,"85":0,"88":0,"89":0,"90":0,"93":0,"101":0,"102":0,"109":0,"112":0,"115":0,"118":0,"119":0,"120":0,"121":0,"122":0,"128":0,"130":0,"133":0,"135":0}},"/home/travis/build/npmtest/node-npmtest-include-all/node_modules/include-all/lib/help-include-all-sync.js":{"path":"/home/travis/build/npmtest/node-npmtest-include-all/node_modules/include-all/lib/help-include-all-sync.js","s":{"1":1,"2":1,"3":1,"4":1,"5":0,"6":0,"7":0,"8":0,"9":0,"10":0,"11":0,"12":0,"13":0,"14":0,"15":0,"16":0,"17":0,"18":0,"19":0,"20":0,"21":0,"22":0,"23":0,"24":0,"25":0,"26":0,"27":0,"28":0,"29":0,"30":0,"31":0,"32":0,"33":0,"34":0,"35":0,"36":0,"37":0,"38":0,"39":0,"40":0,"41":0,"42":0,"43":0,"44":0,"45":0,"46":0,"47":0,"48":0,"49":0,"50":0,"51":0,"52":0,"53":0,"54":0,"55":0,"56":0,"57":0,"58":0,"59":0,"60":0,"61":0,"62":0,"63":0,"64":0,"65":0,"66":0,"67":0,"68":0,"69":0,"70":0,"71":0,"72":0,"73":0,"74":0,"75":0,"76":0,"77":0,"78":0,"79":0,"80":0,"81":0,"82":0,"83":0,"84":0,"85":0},"b":{"1":[0,0],"2":[0,0],"3":[0,0],"4":[0,0,0],"5":[0,0],"6":[0,0,0],"7":[0,0],"8":[0,0,0],"9":[0,0],"10":[0,0],"11":[0,0],"12":[0,0],"13":[0,0],"14":[0,0],"15":[0,0],"16":[0,0],"17":[0,0],"18":[0,0],"19":[0,0],"20":[0,0],"21":[0,0],"22":[0,0],"23":[0,0],"24":[0,0],"25":[0,0],"26":[0,0],"27":[0,0],"28":[0,0],"29":[0,0],"30":[0,0,0],"31":[0,0]},"f":{"1":0,"2":0,"3":0,"4":0,"5":0,"6":0},"fnMap":{"1":{"name":"includeAll","line":113,"loc":{"start":{"line":113,"column":17},"end":{"line":113,"column":46}}},"2":{"name":"_recursivelyIncludeAll","line":151,"loc":{"start":{"line":151,"column":17},"end":{"line":151,"column":69}}},"3":{"name":"(anonymous_3)","line":178,"loc":{"start":{"line":178,"column":18},"end":{"line":178,"column":34}}},"4":{"name":"(anonymous_4)","line":194,"loc":{"start":{"line":194,"column":54},"end":{"line":194,"column":72}}},"5":{"name":"(anonymous_5)","line":215,"loc":{"start":{"line":215,"column":36},"end":{"line":215,"column":65}}},"6":{"name":"(anonymous_6)","line":281,"loc":{"start":{"line":281,"column":46},"end":{"line":281,"column":62}}}},"statementMap":{"1":{"start":{"line":5,"column":0},"end":{"line":5,"column":27}},"2":{"start":{"line":6,"column":0},"end":{"line":6,"column":23}},"3":{"start":{"line":7,"column":0},"end":{"line":7,"column":35}},"4":{"start":{"line":113,"column":0},"end":{"line":324,"column":2}},"5":{"start":{"line":114,"column":2},"end":{"line":114,"column":26}},"6":{"start":{"line":117,"column":2},"end":{"line":119,"column":3}},"7":{"start":{"line":118,"column":4},"end":{"line":118,"column":45}},"8":{"start":{"line":120,"column":2},"end":{"line":122,"column":3}},"9":{"start":{"line":121,"column":4},"end":{"line":121,"column":64}},"10":{"start":{"line":123,"column":2},"end":{"line":125,"column":3}},"11":{"start":{"line":124,"column":4},"end":{"line":124,"column":69}},"12":{"start":{"line":126,"column":2},"end":{"line":128,"column":3}},"13":{"start":{"line":127,"column":4},"end":{"line":127,"column":76}},"14":{"start":{"line":130,"column":2},"end":{"line":132,"column":3}},"15":{"start":{"line":131,"column":4},"end":{"line":131,"column":177}},"16":{"start":{"line":136,"column":2},"end":{"line":138,"column":3}},"17":{"start":{"line":137,"column":4},"end":{"line":137,"column":25}},"18":{"start":{"line":139,"column":2},"end":{"line":141,"column":3}},"19":{"start":{"line":140,"column":4},"end":{"line":140,"column":28}},"20":{"start":{"line":147,"column":2},"end":{"line":147,"column":50}},"21":{"start":{"line":151,"column":2},"end":{"line":317,"column":21}},"22":{"start":{"line":153,"column":4},"end":{"line":153,"column":22}},"23":{"start":{"line":157,"column":4},"end":{"line":159,"column":5}},"24":{"start":{"line":158,"column":6},"end":{"line":158,"column":13}},"25":{"start":{"line":162,"column":4},"end":{"line":162,"column":14}},"26":{"start":{"line":163,"column":4},"end":{"line":174,"column":5}},"27":{"start":{"line":164,"column":6},"end":{"line":164,"column":42}},"28":{"start":{"line":167,"column":6},"end":{"line":173,"column":7}},"29":{"start":{"line":167,"column":30},"end":{"line":167,"column":40}},"30":{"start":{"line":169,"column":8},"end":{"line":169,"column":157}},"31":{"start":{"line":170,"column":8},"end":{"line":170,"column":64}},"32":{"start":{"line":171,"column":8},"end":{"line":171,"column":41}},"33":{"start":{"line":172,"column":8},"end":{"line":172,"column":29}},"34":{"start":{"line":178,"column":4},"end":{"line":312,"column":7}},"35":{"start":{"line":180,"column":6},"end":{"line":180,"column":50}},"36":{"start":{"line":184,"column":6},"end":{"line":186,"column":7}},"37":{"start":{"line":185,"column":8},"end":{"line":185,"column":35}},"38":{"start":{"line":190,"column":6},"end":{"line":190,"column":62}},"39":{"start":{"line":193,"column":6},"end":{"line":198,"column":7}},"40":{"start":{"line":194,"column":8},"end":{"line":196,"column":11}},"41":{"start":{"line":195,"column":10},"end":{"line":195,"column":44}},"42":{"start":{"line":197,"column":8},"end":{"line":197,"column":41}},"43":{"start":{"line":197,"column":32},"end":{"line":197,"column":39}},"44":{"start":{"line":201,"column":6},"end":{"line":311,"column":7}},"45":{"start":{"line":204,"column":8},"end":{"line":204,"column":79}},"46":{"start":{"line":204,"column":70},"end":{"line":204,"column":77}},"47":{"start":{"line":207,"column":8},"end":{"line":210,"column":10}},"48":{"start":{"line":214,"column":8},"end":{"line":229,"column":9}},"49":{"start":{"line":215,"column":10},"end":{"line":224,"column":13}},"50":{"start":{"line":217,"column":12},"end":{"line":223,"column":13}},"51":{"start":{"line":218,"column":14},"end":{"line":218,"column":84}},"52":{"start":{"line":221,"column":14},"end":{"line":221,"column":222}},"53":{"start":{"line":221,"column":45},"end":{"line":221,"column":220}},"54":{"start":{"line":222,"column":14},"end":{"line":222,"column":44}},"55":{"start":{"line":228,"column":10},"end":{"line":228,"column":45}},"56":{"start":{"line":238,"column":8},"end":{"line":238,"column":20}},"57":{"start":{"line":251,"column":8},"end":{"line":255,"column":9}},"58":{"start":{"line":252,"column":10},"end":{"line":252,"column":49}},"59":{"start":{"line":253,"column":10},"end":{"line":253,"column":33}},"60":{"start":{"line":253,"column":24},"end":{"line":253,"column":31}},"61":{"start":{"line":254,"column":10},"end":{"line":254,"column":29}},"62":{"start":{"line":259,"column":8},"end":{"line":309,"column":9}},"63":{"start":{"line":260,"column":10},"end":{"line":260,"column":35}},"64":{"start":{"line":268,"column":10},"end":{"line":289,"column":11}},"65":{"start":{"line":269,"column":12},"end":{"line":269,"column":53}},"66":{"start":{"line":271,"column":12},"end":{"line":288,"column":13}},"67":{"start":{"line":273,"column":14},"end":{"line":273,"column":62}},"68":{"start":{"line":275,"column":14},"end":{"line":287,"column":15}},"69":{"start":{"line":277,"column":16},"end":{"line":277,"column":59}},"70":{"start":{"line":279,"column":16},"end":{"line":279,"column":117}},"71":{"start":{"line":281,"column":16},"end":{"line":283,"column":19}},"72":{"start":{"line":282,"column":18},"end":{"line":282,"column":51}},"73":{"start":{"line":284,"column":16},"end":{"line":284,"column":67}},"74":{"start":{"line":286,"column":16},"end":{"line":286,"column":56}},"75":{"start":{"line":292,"column":10},"end":{"line":308,"column":11}},"76":{"start":{"line":293,"column":12},"end":{"line":293,"column":50}},"77":{"start":{"line":296,"column":12},"end":{"line":307,"column":13}},"78":{"start":{"line":296,"column":49},"end":{"line":296,"column":56}},"79":{"start":{"line":298,"column":14},"end":{"line":298,"column":127}},"80":{"start":{"line":299,"column":14},"end":{"line":299,"column":57}},"81":{"start":{"line":300,"column":14},"end":{"line":300,"column":26}},"82":{"start":{"line":301,"column":14},"end":{"line":301,"column":38}},"83":{"start":{"line":302,"column":14},"end":{"line":302,"column":24}},"84":{"start":{"line":316,"column":4},"end":{"line":316,"column":20}},"85":{"start":{"line":322,"column":2},"end":{"line":322,"column":17}}},"branchMap":{"1":{"line":114,"type":"binary-expr","locations":[{"start":{"line":114,"column":12},"end":{"line":114,"column":19}},{"start":{"line":114,"column":23},"end":{"line":114,"column":25}}]},"2":{"line":117,"type":"if","locations":[{"start":{"line":117,"column":2},"end":{"line":117,"column":2}},{"start":{"line":117,"column":2},"end":{"line":117,"column":2}}]},"3":{"line":120,"type":"if","locations":[{"start":{"line":120,"column":2},"end":{"line":120,"column":2}},{"start":{"line":120,"column":2},"end":{"line":120,"column":2}}]},"4":{"line":120,"type":"binary-expr","locations":[{"start":{"line":120,"column":6},"end":{"line":120,"column":43}},{"start":{"line":120,"column":48},"end":{"line":120,"column":82}},{"start":{"line":120,"column":86},"end":{"line":120,"column":109}}]},"5":{"line":123,"type":"if","locations":[{"start":{"line":123,"column":2},"end":{"line":123,"column":2}},{"start":{"line":123,"column":2},"end":{"line":123,"column":2}}]},"6":{"line":123,"type":"binary-expr","locations":[{"start":{"line":123,"column":6},"end":{"line":123,"column":48}},{"start":{"line":123,"column":53},"end":{"line":123,"column":92}},{"start":{"line":123,"column":96},"end":{"line":123,"column":124}}]},"7":{"line":126,"type":"if","locations":[{"start":{"line":126,"column":2},"end":{"line":126,"column":2}},{"start":{"line":126,"column":2},"end":{"line":126,"column":2}}]},"8":{"line":126,"type":"binary-expr","locations":[{"start":{"line":126,"column":6},"end":{"line":126,"column":44}},{"start":{"line":126,"column":49},"end":{"line":126,"column":84}},{"start":{"line":126,"column":88},"end":{"line":126,"column":112}}]},"9":{"line":130,"type":"if","locations":[{"start":{"line":130,"column":2},"end":{"line":130,"column":2}},{"start":{"line":130,"column":2},"end":{"line":130,"column":2}}]},"10":{"line":136,"type":"if","locations":[{"start":{"line":136,"column":2},"end":{"line":136,"column":2}},{"start":{"line":136,"column":2},"end":{"line":136,"column":2}}]},"11":{"line":139,"type":"if","locations":[{"start":{"line":139,"column":2},"end":{"line":139,"column":2}},{"start":{"line":139,"column":2},"end":{"line":139,"column":2}}]},"12":{"line":157,"type":"if","locations":[{"start":{"line":157,"column":4},"end":{"line":157,"column":4}},{"start":{"line":157,"column":4},"end":{"line":157,"column":4}}]},"13":{"line":157,"type":"binary-expr","locations":[{"start":{"line":157,"column":8},"end":{"line":157,"column":44}},{"start":{"line":157,"column":48},"end":{"line":157,"column":71}}]},"14":{"line":167,"type":"if","locations":[{"start":{"line":167,"column":6},"end":{"line":167,"column":6}},{"start":{"line":167,"column":6},"end":{"line":167,"column":6}}]},"15":{"line":184,"type":"if","locations":[{"start":{"line":184,"column":6},"end":{"line":184,"column":6}},{"start":{"line":184,"column":6},"end":{"line":184,"column":6}}]},"16":{"line":184,"type":"binary-expr","locations":[{"start":{"line":184,"column":10},"end":{"line":184,"column":36}},{"start":{"line":184,"column":40},"end":{"line":184,"column":64}}]},"17":{"line":193,"type":"if","locations":[{"start":{"line":193,"column":6},"end":{"line":193,"column":6}},{"start":{"line":193,"column":6},"end":{"line":193,"column":6}}]},"18":{"line":197,"type":"if","locations":[{"start":{"line":197,"column":8},"end":{"line":197,"column":8}},{"start":{"line":197,"column":8},"end":{"line":197,"column":8}}]},"19":{"line":201,"type":"if","locations":[{"start":{"line":201,"column":6},"end":{"line":201,"column":6}},{"start":{"line":201,"column":6},"end":{"line":201,"column":6}}]},"20":{"line":204,"type":"if","locations":[{"start":{"line":204,"column":8},"end":{"line":204,"column":8}},{"start":{"line":204,"column":8},"end":{"line":204,"column":8}}]},"21":{"line":204,"type":"binary-expr","locations":[{"start":{"line":204,"column":12},"end":{"line":204,"column":31}},{"start":{"line":204,"column":35},"end":{"line":204,"column":66}}]},"22":{"line":214,"type":"if","locations":[{"start":{"line":214,"column":8},"end":{"line":214,"column":8}},{"start":{"line":214,"column":8},"end":{"line":214,"column":8}}]},"23":{"line":217,"type":"if","locations":[{"start":{"line":217,"column":12},"end":{"line":217,"column":12}},{"start":{"line":217,"column":12},"end":{"line":217,"column":12}}]},"24":{"line":221,"type":"if","locations":[{"start":{"line":221,"column":14},"end":{"line":221,"column":14}},{"start":{"line":221,"column":14},"end":{"line":221,"column":14}}]},"25":{"line":251,"type":"if","locations":[{"start":{"line":251,"column":8},"end":{"line":251,"column":8}},{"start":{"line":251,"column":8},"end":{"line":251,"column":8}}]},"26":{"line":253,"type":"if","locations":[{"start":{"line":253,"column":10},"end":{"line":253,"column":10}},{"start":{"line":253,"column":10},"end":{"line":253,"column":10}}]},"27":{"line":259,"type":"if","locations":[{"start":{"line":259,"column":8},"end":{"line":259,"column":8}},{"start":{"line":259,"column":8},"end":{"line":259,"column":8}}]},"28":{"line":268,"type":"if","locations":[{"start":{"line":268,"column":10},"end":{"line":268,"column":10}},{"start":{"line":268,"column":10},"end":{"line":268,"column":10}}]},"29":{"line":271,"type":"if","locations":[{"start":{"line":271,"column":12},"end":{"line":271,"column":12}},{"start":{"line":271,"column":12},"end":{"line":271,"column":12}}]},"30":{"line":279,"type":"binary-expr","locations":[{"start":{"line":279,"column":32},"end":{"line":279,"column":64}},{"start":{"line":279,"column":68},"end":{"line":279,"column":109}},{"start":{"line":279,"column":114},"end":{"line":279,"column":116}}]},"31":{"line":296,"type":"if","locations":[{"start":{"line":296,"column":12},"end":{"line":296,"column":12}},{"start":{"line":296,"column":12},"end":{"line":296,"column":12}}]}},"code":["/**"," * Module dependencies"," */","","var path = require('path');","var fs = require('fs');","var _ = require('@sailshq/lodash');","","","","/**"," * helpIncludeAllSync()"," *"," * - - - - - - - - - - - - - - - - - - - - - - - - - - - - - - - -"," * @required {String} dirname"," *           The initial directory."," *"," * @optional {RegExp} filter"," *           A regular expression used to filter modules by filename."," *"," * @optional {RegExp} excludeDirs"," *           A regular expression used to EXCLUDE directories by name."," *           (the opposite of `filter`)"," *"," * @optional {Array} exclude"," *           An array of regular expressions used to certain EXCLUDE relative paths."," *           (the opposite of the old `pathFilter`)"," *"," * @optional {Number} depth"," *           The maximum depth to traverse.  A depth of `1` means only the top-level contents of the initial directory will be returned."," *           By default, there is no max depth (it is infinite)."," *"," * @optional {Boolean} optional"," *           If set, then if an error is thrown when attempting to list directory contents, ignore it, fail silently, and continue."," *           @default false"," *"," * @optional {Boolean} ignoreRequireFailures"," *           If set, then if an error is thrown when attempting to require a module, ignore the error, fail silently, and continue."," *           @default false"," *"," * @optional {Boolean} dontLoad"," *           If set, then just set the right-hand side in the dictionary to `true` (rather than a module reference)."," *           @default false"," *"," * @optional {Boolean} force"," *           When set, any past require cache entry will be cleared before re-requiring a module."," *           @default true"," *"," * @optional {Boolean} keepDirectoryPath"," *           See README"," *           Note that `flatten` must also be set to `true` for this to work."," *           @default false"," *"," * @optional {Boolean} flatten"," *           See README"," *           @default false"," *"," * @optional {Boolean} markDirectories"," *           TODO: document or deprecate (pretty sure it's the latter)"," *           @default false"," *"," * @optional {Boolean} allowDuplicateKeys"," *           When set, duplicate keys will override each other.  Otherwise, duplicate keys will result in an error."," *           @default false"," *"," * - - - - - - - - - - - - - - - - - - - - - - - - - - - - - - - -"," * @return {Dictionary}"," *         A dictionary containing all the modules that were loaded."," *         Keys are filenames and values are either module references"," *         or `true` (if `dontLoad` was passed in.)"," *"," * For example, this might return:"," *"," * ```"," * {"," *   api: {"," *     controllers: {"," *       UserController: { find: function (req, res) {} },"," *       PetController: { create: function (req, res) {} },"," *     },"," *     models: {"," *       User: { schema: false },"," *       Pet: { attributes: {} },"," *     },"," *     policies: {"," *       isLoggedIn: function (req, res) {}"," *     },"," *   }"," * }"," * ```"," *"," * OR it might return:"," *"," * ```"," * {"," *   api: {"," *     controllers: {"," *       UserController: true,"," *       PetController: true"," *     },"," *     models: {"," *       User: true,"," *       Pet: true"," *     },"," *     policies: {"," *       isLoggedIn: true"," *     }"," *   }"," * }"," * ```"," */","","module.exports = function includeAll(options) {","  options = options || {};","","  // Assertions about usage","  if (typeof options.dirname === 'undefined') {","    throw new Error('`dirname` is required');","  }","  if (typeof options.filter !== 'undefined' && (typeof options.filter !== 'object' || options.filter === null)) {","    throw new Error('If specified, `filter` must be a RegExp.');","  }","  if (typeof options.excludeDirs !== 'undefined' && (typeof options.excludeDirs !== 'object' || options.excludeDirs === null)) {","    throw new Error('If specified, `excludeDirs` must be a RegExp.');","  }","  if (typeof options.exclude !== 'undefined' && (typeof options.exclude !== 'object' || options.exclude === null)) {","    throw new Error('If specified, `exclude` must be an array of RegExps.');","  }","  // Deprecations:","  if (typeof options.flattenDirectories !== 'undefined') {","    throw new Error('As of include-all v1.0.1, `flattenDirectories` was replaced with `flatten`.  See https://github.com/balderdashy/include-all#options for more information.');","  }","","","  // Sane defaults:","  if (typeof options.force === 'undefined') {","    options.force = true;","  }","  if (!options.filter) {","    options.filter = /(.*)/;","  }","","  // For readability in the code below, track the initial \"dirname\" as a local","  // variable called `contextPath`.","  //","  // Here, we also ensure that it is an absolute path.","  var contextPath = path.resolve(options.dirname);","","","  // Define and invoke a self-calling recursive function.","  var modules = (function _recursivelyIncludeAll(thisDirname, _depth){","","    var _modules = {};","","    // Bail out if our counter has reached the desired depth","    // originally indicated by the user in `options.depth`.","    if (typeof options.depth !== 'undefined' && _depth >= options.depth) {","      return;","    }","","    // List files in the specified directory.","    var files;","    try {","      files = fs.readdirSync(thisDirname);","    }","    catch (e) {","      if (options.optional) { return {}; }","      else {","        var dirNotFoundErr = new Error('`include-all` could not scan directory (`' + thisDirname + '`) could not be scanned for files.\\nDetails:' + e.stack);","        dirNotFoundErr.code = 'include-all:DIRECTORY_NOT_FOUND';","        dirNotFoundErr.originalError = e;","        throw dirNotFoundErr;","      }","    }","","","    // Iterate through files in the current directory","    files.forEach(function (file) {","","      var filepath = path.join(thisDirname, file);","      // `path.join()` does not preserve `./`-- but since that","      // symbols has a special meaning when at the beginning of","      // a `require()` path, we bring it back here.","      if (thisDirname.match(/^\\.\\//) && !filepath.match(/^\\.\\//)) {","        filepath = './' + filepath;","      }","","      // Get the relative path of this module.","      // (i.e. peel off just the relative path -- remove the initial dirname)","      var relativePath = path.relative(contextPath, filepath);","","      // Relative path \"exclude\" filter (blacklist)","      if (options.exclude) {","        var shouldBeExcluded = _.any(options.exclude, function (regexp) {","          return relativePath.match(regexp);","        });","        if (shouldBeExcluded) { return; }","      }","","      // For directories, continue to recursively include modules","      if (fs.statSync(filepath).isDirectory()) {","","        // Ignore explicitly excluded directories","        if (options.excludeDirs && file.match(options.excludeDirs)) { return; }","","        // Recursively call `_recursivelyIncludeAll` on this child directory.","        var descendantModules = _recursivelyIncludeAll(","          filepath, // new dirname for recursive step","          _depth+1  // new depth for recursive step","        );","","        // If we're flattening, then fold _our_ direct child modules","        // (grandchildren, if you will) onto ourselves.","        if (options.flatten) {","          _.each(descendantModules, function (rhs, grandchildKey){","","            if (options.keepDirectoryPath) {","              _modules[path.join(path.basename(relativePath), grandchildKey)] = rhs;","            }","            else {","              if (_modules[grandchildKey]) { throw new Error('Attempting to flatten modules but duplicate key detected (`'+grandchildKey+'`).  Enable `keepDirectoryPath: true` to enable namespacing based on hierarchy.'); }","              _modules[grandchildKey] = rhs;","            }","          });//</each key in dictionary of all descendant module>","        }","        // Otherwise, we're leaving things denormalized.","        else {","          _modules[file] = descendantModules;","        }","","      }//</if (this is a directory)>","","      // Otherwise, this is a file.","      // So we'll go ahead and add a key for it in our module map.","      else {","","        // Key name for module.","        var keyName;","","        // - - - - - - - - - - - - - - - - - - - - - - - - - - - - - - - - -","        // For debugging:","        //","        // console.log('contextPath:',contextPath);","        // console.log('file:',file);","        // console.log('filepath:',filepath);","        // console.log('relativePath:',relativePath);","        // - - - - - - - - - - - - - - - - - - - - - - - - - - - - - - - - -","","        // Filename \"include\" filter (whitelist)","        // Note that this also identifies the appropriate key name.","        if (options.filter) {","          var match = file.match(options.filter);","          if (!match) { return; }","          keyName = match[1];","        }","","        // If `dontLoad` is true, then don't load anything--","        // instead just set the RHS to `true`.","        if (options.dontLoad) {","          _modules[keyName] = true;","        }","        // Otherwise, dontLoad is falsey (the default), so we'll load","        // this module into memory using `require()`","        else {","","          // If `force: true` was set, remove the module from the require()","          // cache, along with any modules that the module `required()`","          if (options.force) {","            var resolved = require.resolve(filepath);","            // First, see if the item is actually cached.","            if (require.cache[resolved]) {","              // If so, add it to a stack of modules to remove.","              var modulesToRemove = [require.cache[resolved]];","              // While there are items in the stack...","              while (modulesToRemove.length) {","                // Pop a module off the stack.","                var moduleToRemove = modulesToRemove.pop();","                // Add its children to the stack.","                var children = (require.cache[moduleToRemove.id] && require.cache[moduleToRemove.id].children) || [];","                // Don't clear compiled node modules from the cache.","                children = _.reject(children, function(child) {","                  return child.id.match(/\\.node$/);","                });","                modulesToRemove = modulesToRemove.concat(children);","                // Delete the module from the cache.","                delete require.cache[moduleToRemove.id];","              }","            }","          }","","          // Require the module.","          try {","            _modules[keyName] = require(filepath);","          } catch (e) {","            // Skip this module silently if `ignoreRequireFailures` is enabled.","            if (options.ignoreRequireFailures) { return; }","            else {","              var err = new Error('Attempted to `require(\\''+filepath+'\\')`, but an error occurred:\\n--\\n' + e.stack + '\\n--');","              err.code = 'include-all:COULD_NOT_REQUIRE';","              err.raw = e;","              err.filepath = filepath;","              throw err;","","              // Note: In Node v4.x, an unhandled exception is necessary in order to actually","              // see where the problem from the syntax error occurred.  (Otherwise, you just see","              // `exports.runInThisContext` in the stack trace, which is less than helpful!)","            }","          }//</catch>","        }","","      }//</else (this is a file)>","    });//</each direct child inode in this directory>","","","    // Pass these modules back to the previous recursive step.","    return _modules;","  })(contextPath, 0);//</initial call to self-calling, recursive function>","  // ^set up dirname, and start the depth counter at 0","","","  // Now that all modules have been gathered up, pass map of modules back to userland code.","  return modules;","","};",""],"l":{"5":1,"6":1,"7":1,"113":1,"114":0,"117":0,"118":0,"120":0,"121":0,"123":0,"124":0,"126":0,"127":0,"130":0,"131":0,"136":0,"137":0,"139":0,"140":0,"147":0,"151":0,"153":0,"157":0,"158":0,"162":0,"163":0,"164":0,"167":0,"169":0,"170":0,"171":0,"172":0,"178":0,"180":0,"184":0,"185":0,"190":0,"193":0,"194":0,"195":0,"197":0,"201":0,"204":0,"207":0,"214":0,"215":0,"217":0,"218":0,"221":0,"222":0,"228":0,"238":0,"251":0,"252":0,"253":0,"254":0,"259":0,"260":0,"268":0,"269":0,"271":0,"273":0,"275":0,"277":0,"279":0,"281":0,"282":0,"284":0,"286":0,"292":0,"293":0,"296":0,"298":0,"299":0,"300":0,"301":0,"302":0,"316":0,"322":0}}}